<?xml version='1.0' encoding='UTF-8'?>
<testsuite hostname="kevin-ThinkPad-P14s-Gen-2a" name="basic.ComputeAverageTest" tests="1" errors="0" failures="0" skipped="0" time="0.087" timestamp="2023-02-17T15:50:53">
                     <properties>
[...]
</properties>
                     <testcase classname="basic.ComputeAverageTest" name="ComputeAverage should average" time="0.087">
                                                 
                                               </testcase>
                     <system-out><![CDATA[]]></system-out>
                     <system-err><![CDATA[]]></system-err>
                   </testsuite>